DDI-DrugBank.d179.s1|DDI-DrugBank.d179.s1.e0|DDI-DrugBank.d179.s1.e1|int
DDI-DrugBank.d179.s1|DDI-DrugBank.d179.s1.e0|DDI-DrugBank.d179.s1.e2|int
DDI-DrugBank.d179.s37|DDI-DrugBank.d179.s37.e2|DDI-DrugBank.d179.s37.e3|mechanism
DDI-DrugBank.d179.s38|DDI-DrugBank.d179.s38.e3|DDI-DrugBank.d179.s38.e4|mechanism
DDI-DrugBank.d179.s40|DDI-DrugBank.d179.s40.e3|DDI-DrugBank.d179.s40.e4|mechanism
DDI-DrugBank.d78.s3|DDI-DrugBank.d78.s3.e3|DDI-DrugBank.d78.s3.e4|mechanism
DDI-DrugBank.d78.s3|DDI-DrugBank.d78.s3.e3|DDI-DrugBank.d78.s3.e5|mechanism
DDI-DrugBank.d78.s7|DDI-DrugBank.d78.s7.e0|DDI-DrugBank.d78.s7.e1|mechanism
DDI-DrugBank.d78.s7|DDI-DrugBank.d78.s7.e0|DDI-DrugBank.d78.s7.e2|mechanism
DDI-DrugBank.d78.s10|DDI-DrugBank.d78.s10.e0|DDI-DrugBank.d78.s10.e1|mechanism
DDI-DrugBank.d78.s10|DDI-DrugBank.d78.s10.e2|DDI-DrugBank.d78.s10.e3|advise
DDI-DrugBank.d78.s11|DDI-DrugBank.d78.s11.e2|DDI-DrugBank.d78.s11.e3|mechanism
DDI-DrugBank.d78.s14|DDI-DrugBank.d78.s14.e0|DDI-DrugBank.d78.s14.e1|mechanism
DDI-DrugBank.d250.s3|DDI-DrugBank.d250.s3.e0|DDI-DrugBank.d250.s3.e1|effect
DDI-DrugBank.d454.s0|DDI-DrugBank.d454.s0.e0|DDI-DrugBank.d454.s0.e1|effect
DDI-DrugBank.d454.s0|DDI-DrugBank.d454.s0.e0|DDI-DrugBank.d454.s0.e2|effect
DDI-DrugBank.d454.s0|DDI-DrugBank.d454.s0.e0|DDI-DrugBank.d454.s0.e3|effect
DDI-DrugBank.d454.s4|DDI-DrugBank.d454.s4.e0|DDI-DrugBank.d454.s4.e1|effect
DDI-DrugBank.d756.s2|DDI-DrugBank.d756.s2.e0|DDI-DrugBank.d756.s2.e1|effect
DDI-DrugBank.d756.s2|DDI-DrugBank.d756.s2.e0|DDI-DrugBank.d756.s2.e2|effect
DDI-DrugBank.d69.s1|DDI-DrugBank.d69.s1.e0|DDI-DrugBank.d69.s1.e1|advise
DDI-DrugBank.d69.s1|DDI-DrugBank.d69.s1.e0|DDI-DrugBank.d69.s1.e2|advise
DDI-DrugBank.d359.s1|DDI-DrugBank.d359.s1.e0|DDI-DrugBank.d359.s1.e1|advise
DDI-DrugBank.d359.s1|DDI-DrugBank.d359.s1.e0|DDI-DrugBank.d359.s1.e2|advise
DDI-DrugBank.d359.s4|DDI-DrugBank.d359.s4.e0|DDI-DrugBank.d359.s4.e1|mechanism
DDI-DrugBank.d736.s3|DDI-DrugBank.d736.s3.e0|DDI-DrugBank.d736.s3.e1|effect
DDI-DrugBank.d736.s5|DDI-DrugBank.d736.s5.e0|DDI-DrugBank.d736.s5.e1|effect
DDI-DrugBank.d736.s7|DDI-DrugBank.d736.s7.e0|DDI-DrugBank.d736.s7.e1|effect
DDI-DrugBank.d105.s0|DDI-DrugBank.d105.s0.e4|DDI-DrugBank.d105.s0.e5|mechanism
DDI-DrugBank.d671.s2|DDI-DrugBank.d671.s2.e0|DDI-DrugBank.d671.s2.e1|effect
DDI-DrugBank.d706.s0|DDI-DrugBank.d706.s0.e0|DDI-DrugBank.d706.s0.e1|effect
DDI-DrugBank.d104.s0|DDI-DrugBank.d104.s0.e0|DDI-DrugBank.d104.s0.e1|effect
DDI-DrugBank.d104.s0|DDI-DrugBank.d104.s0.e0|DDI-DrugBank.d104.s0.e2|mechanism
DDI-DrugBank.d104.s0|DDI-DrugBank.d104.s0.e0|DDI-DrugBank.d104.s0.e3|mechanism
DDI-DrugBank.d104.s0|DDI-DrugBank.d104.s0.e0|DDI-DrugBank.d104.s0.e4|mechanism
DDI-DrugBank.d104.s1|DDI-DrugBank.d104.s1.e0|DDI-DrugBank.d104.s1.e1|advise
DDI-DrugBank.d737.s6|DDI-DrugBank.d737.s6.e6|DDI-DrugBank.d737.s6.e7|mechanism
DDI-DrugBank.d8.s0|DDI-DrugBank.d8.s0.e0|DDI-DrugBank.d8.s0.e1|advise
DDI-DrugBank.d8.s0|DDI-DrugBank.d8.s0.e0|DDI-DrugBank.d8.s0.e2|effect
DDI-DrugBank.d8.s0|DDI-DrugBank.d8.s0.e0|DDI-DrugBank.d8.s0.e3|effect
DDI-DrugBank.d8.s0|DDI-DrugBank.d8.s0.e0|DDI-DrugBank.d8.s0.e5|advise
DDI-DrugBank.d8.s3|DDI-DrugBank.d8.s3.e3|DDI-DrugBank.d8.s3.e4|mechanism
DDI-DrugBank.d8.s4|DDI-DrugBank.d8.s4.e0|DDI-DrugBank.d8.s4.e1|mechanism
DDI-DrugBank.d746.s0|DDI-DrugBank.d746.s0.e0|DDI-DrugBank.d746.s0.e1|advise
DDI-DrugBank.d746.s0|DDI-DrugBank.d746.s0.e0|DDI-DrugBank.d746.s0.e2|advise
DDI-DrugBank.d746.s1|DDI-DrugBank.d746.s1.e0|DDI-DrugBank.d746.s1.e2|effect
DDI-DrugBank.d746.s1|DDI-DrugBank.d746.s1.e1|DDI-DrugBank.d746.s1.e2|effect
DDI-DrugBank.d73.s0|DDI-DrugBank.d73.s0.e0|DDI-DrugBank.d73.s0.e1|effect
DDI-DrugBank.d73.s2|DDI-DrugBank.d73.s2.e0|DDI-DrugBank.d73.s2.e1|effect
DDI-DrugBank.d73.s3|DDI-DrugBank.d73.s3.e0|DDI-DrugBank.d73.s3.e1|effect
DDI-DrugBank.d73.s5|DDI-DrugBank.d73.s5.e2|DDI-DrugBank.d73.s5.e3|effect
DDI-DrugBank.d241.s0|DDI-DrugBank.d241.s0.e0|DDI-DrugBank.d241.s0.e1|advise
DDI-DrugBank.d241.s0|DDI-DrugBank.d241.s0.e0|DDI-DrugBank.d241.s0.e2|advise
DDI-DrugBank.d241.s3|DDI-DrugBank.d241.s3.e7|DDI-DrugBank.d241.s3.e8|effect
DDI-DrugBank.d95.s0|DDI-DrugBank.d95.s0.e1|DDI-DrugBank.d95.s0.e2|effect
DDI-DrugBank.d95.s1|DDI-DrugBank.d95.s1.e1|DDI-DrugBank.d95.s1.e2|mechanism
DDI-DrugBank.d186.s3|DDI-DrugBank.d186.s3.e1|DDI-DrugBank.d186.s3.e2|effect
DDI-DrugBank.d186.s3|DDI-DrugBank.d186.s3.e1|DDI-DrugBank.d186.s3.e3|effect
DDI-DrugBank.d186.s3|DDI-DrugBank.d186.s3.e1|DDI-DrugBank.d186.s3.e4|effect
DDI-DrugBank.d253.s1|DDI-DrugBank.d253.s1.e0|DDI-DrugBank.d253.s1.e1|advise
DDI-DrugBank.d439.s0|DDI-DrugBank.d439.s0.e0|DDI-DrugBank.d439.s0.e1|effect
DDI-DrugBank.d465.s0|DDI-DrugBank.d465.s0.e0|DDI-DrugBank.d465.s0.e1|effect
DDI-DrugBank.d223.s10|DDI-DrugBank.d223.s10.e0|DDI-DrugBank.d223.s10.e1|advise
DDI-DrugBank.d223.s20|DDI-DrugBank.d223.s20.e0|DDI-DrugBank.d223.s20.e1|advise
DDI-DrugBank.d525.s0|DDI-DrugBank.d525.s0.e0|DDI-DrugBank.d525.s0.e1|mechanism
DDI-DrugBank.d531.s63|DDI-DrugBank.d531.s63.e0|DDI-DrugBank.d531.s63.e1|advise
DDI-DrugBank.d635.s0|DDI-DrugBank.d635.s0.e0|DDI-DrugBank.d635.s0.e1|advise
DDI-DrugBank.d639.s0|DDI-DrugBank.d639.s0.e0|DDI-DrugBank.d639.s0.e1|advise
DDI-DrugBank.d163.s2|DDI-DrugBank.d163.s2.e2|DDI-DrugBank.d163.s2.e3|advise
DDI-DrugBank.d489.s2|DDI-DrugBank.d489.s2.e0|DDI-DrugBank.d489.s2.e1|effect
DDI-DrugBank.d489.s5|DDI-DrugBank.d489.s5.e0|DDI-DrugBank.d489.s5.e1|advise
DDI-DrugBank.d489.s8|DDI-DrugBank.d489.s8.e0|DDI-DrugBank.d489.s8.e1|effect
DDI-DrugBank.d489.s8|DDI-DrugBank.d489.s8.e0|DDI-DrugBank.d489.s8.e2|effect
DDI-DrugBank.d153.s0|DDI-DrugBank.d153.s0.e1|DDI-DrugBank.d153.s0.e3|effect
DDI-DrugBank.d153.s0|DDI-DrugBank.d153.s0.e1|DDI-DrugBank.d153.s0.e4|effect
DDI-DrugBank.d153.s0|DDI-DrugBank.d153.s0.e2|DDI-DrugBank.d153.s0.e3|effect
DDI-DrugBank.d153.s0|DDI-DrugBank.d153.s0.e2|DDI-DrugBank.d153.s0.e4|effect
DDI-DrugBank.d153.s4|DDI-DrugBank.d153.s4.e0|DDI-DrugBank.d153.s4.e2|effect
DDI-DrugBank.d153.s4|DDI-DrugBank.d153.s4.e1|DDI-DrugBank.d153.s4.e2|effect
DDI-DrugBank.d219.s0|DDI-DrugBank.d219.s0.e1|DDI-DrugBank.d219.s0.e2|effect
DDI-DrugBank.d219.s1|DDI-DrugBank.d219.s1.e0|DDI-DrugBank.d219.s1.e1|effect
DDI-DrugBank.d219.s11|DDI-DrugBank.d219.s11.e0|DDI-DrugBank.d219.s11.e1|effect
DDI-DrugBank.d219.s11|DDI-DrugBank.d219.s11.e0|DDI-DrugBank.d219.s11.e2|effect
DDI-DrugBank.d219.s15|DDI-DrugBank.d219.s15.e1|DDI-DrugBank.d219.s15.e2|mechanism
DDI-DrugBank.d509.s0|DDI-DrugBank.d509.s0.e1|DDI-DrugBank.d509.s0.e2|advise
DDI-DrugBank.d509.s0|DDI-DrugBank.d509.s0.e1|DDI-DrugBank.d509.s0.e3|advise
DDI-DrugBank.d19.s1|DDI-DrugBank.d19.s1.e0|DDI-DrugBank.d19.s1.e1|advise
DDI-DrugBank.d530.s3|DDI-DrugBank.d530.s3.e1|DDI-DrugBank.d530.s3.e2|effect
DDI-DrugBank.d213.s1|DDI-DrugBank.d213.s1.e1|DDI-DrugBank.d213.s1.e2|effect
DDI-DrugBank.d213.s3|DDI-DrugBank.d213.s3.e0|DDI-DrugBank.d213.s3.e1|effect
DDI-DrugBank.d213.s3|DDI-DrugBank.d213.s3.e0|DDI-DrugBank.d213.s3.e2|effect
DDI-DrugBank.d320.s0|DDI-DrugBank.d320.s0.e0|DDI-DrugBank.d320.s0.e1|advise
DDI-DrugBank.d715.s1|DDI-DrugBank.d715.s1.e0|DDI-DrugBank.d715.s1.e2|effect
DDI-DrugBank.d245.s0|DDI-DrugBank.d245.s0.e0|DDI-DrugBank.d245.s0.e1|effect
DDI-DrugBank.d245.s0|DDI-DrugBank.d245.s0.e0|DDI-DrugBank.d245.s0.e2|effect
DDI-DrugBank.d245.s0|DDI-DrugBank.d245.s0.e0|DDI-DrugBank.d245.s0.e3|effect
DDI-DrugBank.d245.s0|DDI-DrugBank.d245.s0.e0|DDI-DrugBank.d245.s0.e4|effect
DDI-DrugBank.d245.s0|DDI-DrugBank.d245.s0.e0|DDI-DrugBank.d245.s0.e5|effect
DDI-DrugBank.d245.s0|DDI-DrugBank.d245.s0.e0|DDI-DrugBank.d245.s0.e6|effect
DDI-DrugBank.d245.s0|DDI-DrugBank.d245.s0.e0|DDI-DrugBank.d245.s0.e7|effect
DDI-DrugBank.d245.s0|DDI-DrugBank.d245.s0.e0|DDI-DrugBank.d245.s0.e8|effect
DDI-DrugBank.d328.s8|DDI-DrugBank.d328.s8.e1|DDI-DrugBank.d328.s8.e2|effect
DDI-DrugBank.d328.s9|DDI-DrugBank.d328.s9.e0|DDI-DrugBank.d328.s9.e1|effect
DDI-DrugBank.d328.s10|DDI-DrugBank.d328.s10.e1|DDI-DrugBank.d328.s10.e2|effect
DDI-DrugBank.d328.s10|DDI-DrugBank.d328.s10.e1|DDI-DrugBank.d328.s10.e3|effect
DDI-DrugBank.d328.s46|DDI-DrugBank.d328.s46.e1|DDI-DrugBank.d328.s46.e2|advise
DDI-DrugBank.d395.s9|DDI-DrugBank.d395.s9.e1|DDI-DrugBank.d395.s9.e3|effect
DDI-DrugBank.d395.s17|DDI-DrugBank.d395.s17.e2|DDI-DrugBank.d395.s17.e3|mechanism
DDI-DrugBank.d395.s21|DDI-DrugBank.d395.s21.e0|DDI-DrugBank.d395.s21.e1|mechanism
DDI-DrugBank.d395.s23|DDI-DrugBank.d395.s23.e2|DDI-DrugBank.d395.s23.e3|effect
DDI-DrugBank.d395.s23|DDI-DrugBank.d395.s23.e2|DDI-DrugBank.d395.s23.e4|effect
DDI-MedLine.d164.s0|DDI-MedLine.d164.s0.e0|DDI-MedLine.d164.s0.e1|effect
DDI-MedLine.d164.s5|DDI-MedLine.d164.s5.e0|DDI-MedLine.d164.s5.e1|effect
DDI-MedLine.d164.s5|DDI-MedLine.d164.s5.e0|DDI-MedLine.d164.s5.e2|effect
DDI-DrugBank.d704.s4|DDI-DrugBank.d704.s4.e0|DDI-DrugBank.d704.s4.e1|advise
DDI-DrugBank.d97.s63|DDI-DrugBank.d97.s63.e0|DDI-DrugBank.d97.s63.e1|advise
DDI-DrugBank.d44.s1|DDI-DrugBank.d44.s1.e0|DDI-DrugBank.d44.s1.e1|advise
DDI-DrugBank.d44.s2|DDI-DrugBank.d44.s2.e2|DDI-DrugBank.d44.s2.e3|advise
DDI-DrugBank.d640.s6|DDI-DrugBank.d640.s6.e3|DDI-DrugBank.d640.s6.e4|effect
DDI-DrugBank.d287.s0|DDI-DrugBank.d287.s0.e0|DDI-DrugBank.d287.s0.e1|advise
DDI-DrugBank.d17.s12|DDI-DrugBank.d17.s12.e0|DDI-DrugBank.d17.s12.e1|effect
DDI-DrugBank.d17.s25|DDI-DrugBank.d17.s25.e0|DDI-DrugBank.d17.s25.e3|effect
DDI-DrugBank.d17.s28|DDI-DrugBank.d17.s28.e0|DDI-DrugBank.d17.s28.e1|effect
DDI-DrugBank.d17.s31|DDI-DrugBank.d17.s31.e0|DDI-DrugBank.d17.s31.e1|effect
DDI-DrugBank.d252.s1|DDI-DrugBank.d252.s1.e0|DDI-DrugBank.d252.s1.e1|advise
DDI-DrugBank.d252.s2|DDI-DrugBank.d252.s2.e0|DDI-DrugBank.d252.s2.e1|effect
DDI-DrugBank.d172.s10|DDI-DrugBank.d172.s10.e0|DDI-DrugBank.d172.s10.e1|effect
DDI-DrugBank.d172.s11|DDI-DrugBank.d172.s11.e1|DDI-DrugBank.d172.s11.e2|effect
DDI-DrugBank.d172.s11|DDI-DrugBank.d172.s11.e1|DDI-DrugBank.d172.s11.e3|effect
DDI-DrugBank.d172.s13|DDI-DrugBank.d172.s13.e1|DDI-DrugBank.d172.s13.e2|advise
DDI-DrugBank.d734.s0|DDI-DrugBank.d734.s0.e0|DDI-DrugBank.d734.s0.e1|effect
DDI-DrugBank.d227.s0|DDI-DrugBank.d227.s0.e0|DDI-DrugBank.d227.s0.e1|effect
DDI-DrugBank.d110.s0|DDI-DrugBank.d110.s0.e1|DDI-DrugBank.d110.s0.e3|effect
DDI-DrugBank.d110.s0|DDI-DrugBank.d110.s0.e2|DDI-DrugBank.d110.s0.e3|effect
DDI-DrugBank.d110.s5|DDI-DrugBank.d110.s5.e0|DDI-DrugBank.d110.s5.e1|advise
DDI-DrugBank.d107.s8|DDI-DrugBank.d107.s8.e0|DDI-DrugBank.d107.s8.e1|effect
DDI-DrugBank.d107.s9|DDI-DrugBank.d107.s9.e0|DDI-DrugBank.d107.s9.e1|effect
DDI-DrugBank.d107.s16|DDI-DrugBank.d107.s16.e2|DDI-DrugBank.d107.s16.e3|effect
DDI-DrugBank.d107.s17|DDI-DrugBank.d107.s17.e1|DDI-DrugBank.d107.s17.e2|advise
DDI-DrugBank.d237.s2|DDI-DrugBank.d237.s2.e3|DDI-DrugBank.d237.s2.e4|mechanism
DDI-DrugBank.d237.s6|DDI-DrugBank.d237.s6.e1|DDI-DrugBank.d237.s6.e2|mechanism
DDI-DrugBank.d237.s7|DDI-DrugBank.d237.s7.e3|DDI-DrugBank.d237.s7.e4|mechanism
DDI-DrugBank.d237.s8|DDI-DrugBank.d237.s8.e0|DDI-DrugBank.d237.s8.e1|mechanism
DDI-DrugBank.d237.s12|DDI-DrugBank.d237.s12.e2|DDI-DrugBank.d237.s12.e3|mechanism
DDI-DrugBank.d237.s13|DDI-DrugBank.d237.s13.e0|DDI-DrugBank.d237.s13.e1|mechanism
DDI-DrugBank.d237.s14|DDI-DrugBank.d237.s14.e0|DDI-DrugBank.d237.s14.e1|advise
DDI-DrugBank.d237.s14|DDI-DrugBank.d237.s14.e0|DDI-DrugBank.d237.s14.e2|advise
DDI-DrugBank.d237.s14|DDI-DrugBank.d237.s14.e0|DDI-DrugBank.d237.s14.e3|advise
DDI-DrugBank.d446.s0|DDI-DrugBank.d446.s0.e0|DDI-DrugBank.d446.s0.e1|int
DDI-DrugBank.d446.s0|DDI-DrugBank.d446.s0.e0|DDI-DrugBank.d446.s0.e2|int
DDI-DrugBank.d446.s0|DDI-DrugBank.d446.s0.e0|DDI-DrugBank.d446.s0.e3|int
DDI-DrugBank.d446.s0|DDI-DrugBank.d446.s0.e0|DDI-DrugBank.d446.s0.e4|int
DDI-DrugBank.d446.s0|DDI-DrugBank.d446.s0.e0|DDI-DrugBank.d446.s0.e5|int
DDI-DrugBank.d446.s0|DDI-DrugBank.d446.s0.e0|DDI-DrugBank.d446.s0.e6|int
DDI-DrugBank.d446.s0|DDI-DrugBank.d446.s0.e0|DDI-DrugBank.d446.s0.e7|int
DDI-DrugBank.d446.s0|DDI-DrugBank.d446.s0.e0|DDI-DrugBank.d446.s0.e8|int
DDI-DrugBank.d446.s0|DDI-DrugBank.d446.s0.e0|DDI-DrugBank.d446.s0.e9|int
DDI-DrugBank.d446.s0|DDI-DrugBank.d446.s0.e0|DDI-DrugBank.d446.s0.e10|int
DDI-DrugBank.d446.s0|DDI-DrugBank.d446.s0.e0|DDI-DrugBank.d446.s0.e11|int
DDI-DrugBank.d446.s0|DDI-DrugBank.d446.s0.e0|DDI-DrugBank.d446.s0.e12|int
DDI-DrugBank.d446.s0|DDI-DrugBank.d446.s0.e0|DDI-DrugBank.d446.s0.e13|int
DDI-DrugBank.d416.s0|DDI-DrugBank.d416.s0.e0|DDI-DrugBank.d416.s0.e1|advise
DDI-DrugBank.d776.s2|DDI-DrugBank.d776.s2.e13|DDI-DrugBank.d776.s2.e14|effect
DDI-DrugBank.d776.s4|DDI-DrugBank.d776.s4.e0|DDI-DrugBank.d776.s4.e1|mechanism
DDI-DrugBank.d776.s4|DDI-DrugBank.d776.s4.e0|DDI-DrugBank.d776.s4.e2|mechanism
DDI-DrugBank.d776.s4|DDI-DrugBank.d776.s4.e0|DDI-DrugBank.d776.s4.e3|mechanism
DDI-DrugBank.d776.s5|DDI-DrugBank.d776.s5.e0|DDI-DrugBank.d776.s5.e1|effect
DDI-DrugBank.d776.s7|DDI-DrugBank.d776.s7.e1|DDI-DrugBank.d776.s7.e2|effect
DDI-DrugBank.d776.s10|DDI-DrugBank.d776.s10.e1|DDI-DrugBank.d776.s10.e2|mechanism
DDI-DrugBank.d776.s13|DDI-DrugBank.d776.s13.e1|DDI-DrugBank.d776.s13.e2|mechanism
DDI-DrugBank.d776.s16|DDI-DrugBank.d776.s16.e1|DDI-DrugBank.d776.s16.e2|mechanism
DDI-DrugBank.d776.s18|DDI-DrugBank.d776.s18.e1|DDI-DrugBank.d776.s18.e2|mechanism
DDI-DrugBank.d776.s41|DDI-DrugBank.d776.s41.e0|DDI-DrugBank.d776.s41.e1|mechanism
DDI-DrugBank.d776.s41|DDI-DrugBank.d776.s41.e0|DDI-DrugBank.d776.s41.e2|mechanism
DDI-DrugBank.d622.s2|DDI-DrugBank.d622.s2.e1|DDI-DrugBank.d622.s2.e2|effect
DDI-DrugBank.d22.s0|DDI-DrugBank.d22.s0.e0|DDI-DrugBank.d22.s0.e1|effect
DDI-DrugBank.d22.s0|DDI-DrugBank.d22.s0.e0|DDI-DrugBank.d22.s0.e2|effect
DDI-DrugBank.d22.s0|DDI-DrugBank.d22.s0.e0|DDI-DrugBank.d22.s0.e3|effect
DDI-DrugBank.d429.s0|DDI-DrugBank.d429.s0.e3|DDI-DrugBank.d429.s0.e4|mechanism
DDI-DrugBank.d429.s2|DDI-DrugBank.d429.s2.e1|DDI-DrugBank.d429.s2.e2|mechanism
DDI-DrugBank.d429.s4|DDI-DrugBank.d429.s4.e1|DDI-DrugBank.d429.s4.e2|mechanism
DDI-DrugBank.d658.s0|DDI-DrugBank.d658.s0.e0|DDI-DrugBank.d658.s0.e1|effect
DDI-DrugBank.d269.s11|DDI-DrugBank.d269.s11.e1|DDI-DrugBank.d269.s11.e2|mechanism
DDI-DrugBank.d269.s16|DDI-DrugBank.d269.s16.e1|DDI-DrugBank.d269.s16.e2|advise
DDI-DrugBank.d269.s17|DDI-DrugBank.d269.s17.e1|DDI-DrugBank.d269.s17.e2|advise
DDI-DrugBank.d269.s17|DDI-DrugBank.d269.s17.e1|DDI-DrugBank.d269.s17.e3|advise
DDI-DrugBank.d269.s17|DDI-DrugBank.d269.s17.e1|DDI-DrugBank.d269.s17.e4|advise
DDI-DrugBank.d269.s18|DDI-DrugBank.d269.s18.e2|DDI-DrugBank.d269.s18.e3|effect
DDI-DrugBank.d269.s18|DDI-DrugBank.d269.s18.e2|DDI-DrugBank.d269.s18.e4|effect
DDI-DrugBank.d14.s0|DDI-DrugBank.d14.s0.e0|DDI-DrugBank.d14.s0.e1|effect
